[debug] [2021-08-05T13:30:16.255Z] ----------------------------------------------------------------------
[debug] [2021-08-05T13:30:16.256Z] Command:       /Users/bgolan/.nvm/versions/node/v12.16.3/bin/node /Users/bgolan/.nvm/versions/node/v12.16.3/bin/firebase deploy
[debug] [2021-08-05T13:30:16.257Z] CLI Version:   9.16.0
[debug] [2021-08-05T13:30:16.257Z] Platform:      darwin
[debug] [2021-08-05T13:30:16.257Z] Node Version:  v12.16.3
[debug] [2021-08-05T13:30:16.257Z] Time:          Thu Aug 05 2021 16:30:16 GMT+0300 (Israel Daylight Time)
[debug] [2021-08-05T13:30:16.257Z] ----------------------------------------------------------------------
[debug] 
[debug] [2021-08-05T13:30:16.260Z] >>> [apiv2][query] GET https://firebase-public.firebaseio.com/cli.json [none]
[debug] [2021-08-05T13:30:16.319Z] > command requires scopes: ["email","openid","https://www.googleapis.com/auth/cloudplatformprojects.readonly","https://www.googleapis.com/auth/firebase","https://www.googleapis.com/auth/cloud-platform"]
[debug] [2021-08-05T13:30:16.319Z] > authorizing via signed-in user (bengolan23@gmail.com)
[debug] [2021-08-05T13:30:16.319Z] [iam] checking project bg-fashion for permissions ["firebase.projects.get","firebasehosting.sites.update"]
[debug] [2021-08-05T13:30:16.320Z] > refreshing access token with scopes: ["email","https://www.googleapis.com/auth/cloud-platform","https://www.googleapis.com/auth/cloudplatformprojects.readonly","https://www.googleapis.com/auth/firebase","openid"]
[debug] [2021-08-05T13:30:16.321Z] >>> HTTP REQUEST POST https://www.googleapis.com/oauth2/v3/token  
 <request body omitted>
[debug] [2021-08-05T13:30:16.636Z] <<< HTTP RESPONSE 200 {"pragma":"no-cache","date":"Thu, 05 Aug 2021 13:30:16 GMT","cache-control":"no-cache, no-store, max-age=0, must-revalidate","expires":"Mon, 01 Jan 1990 00:00:00 GMT","content-type":"application/json; charset=utf-8","vary":"X-Origin, Referer, Origin,Accept-Encoding","server":"scaffolding on HTTPServer2","x-xss-protection":"0","x-frame-options":"SAMEORIGIN","x-content-type-options":"nosniff","alt-svc":"h3=\":443\"; ma=2592000,h3-29=\":443\"; ma=2592000,h3-T051=\":443\"; ma=2592000,h3-Q050=\":443\"; ma=2592000,h3-Q046=\":443\"; ma=2592000,h3-Q043=\":443\"; ma=2592000,quic=\":443\"; ma=2592000; v=\"46,43\"","accept-ranges":"none","transfer-encoding":"chunked"}
[debug] [2021-08-05T13:30:16.691Z] >>> HTTP REQUEST POST https://cloudresourcemanager.googleapis.com/v1/projects/bg-fashion:testIamPermissions  
 {"permissions":["firebase.projects.get","firebasehosting.sites.update"]}
[debug] [2021-08-05T13:30:17.091Z] <<< [apiv2][status] GET https://firebase-public.firebaseio.com/cli.json 200
[debug] [2021-08-05T13:30:17.091Z] <<< [apiv2][body] GET https://firebase-public.firebaseio.com/cli.json {"cloudBuildErrorAfter":1594252800000,"cloudBuildWarnAfter":1590019200000,"defaultNode10After":1594252800000,"minVersion":"3.0.5","node8DeploysDisabledAfter":1613390400000,"node8RuntimeDisabledAfter":1615809600000,"node8WarnAfter":1600128000000}
[debug] [2021-08-05T13:30:18.199Z] <<< HTTP RESPONSE 200 {"content-type":"application/json; charset=UTF-8","vary":"X-Origin, Referer, Origin,Accept-Encoding","date":"Thu, 05 Aug 2021 13:30:18 GMT","server":"ESF","cache-control":"private","x-xss-protection":"0","x-frame-options":"SAMEORIGIN","x-content-type-options":"nosniff","server-timing":"gfet4t7; dur=127","alt-svc":"h3=\":443\"; ma=2592000,h3-29=\":443\"; ma=2592000,h3-T051=\":443\"; ma=2592000,h3-Q050=\":443\"; ma=2592000,h3-Q046=\":443\"; ma=2592000,h3-Q043=\":443\"; ma=2592000,quic=\":443\"; ma=2592000; v=\"46,43\"","accept-ranges":"none","transfer-encoding":"chunked"}
[debug] [2021-08-05T13:30:18.200Z] > refreshing access token with scopes: []
[debug] [2021-08-05T13:30:18.200Z] >>> HTTP REQUEST POST https://www.googleapis.com/oauth2/v3/token  
 <request body omitted>
[debug] [2021-08-05T13:30:18.489Z] <<< HTTP RESPONSE 200 {"cache-control":"no-cache, no-store, max-age=0, must-revalidate","date":"Thu, 05 Aug 2021 13:30:18 GMT","pragma":"no-cache","expires":"Mon, 01 Jan 1990 00:00:00 GMT","content-type":"application/json; charset=utf-8","vary":"X-Origin, Referer, Origin,Accept-Encoding","server":"scaffolding on HTTPServer2","x-xss-protection":"0","x-frame-options":"SAMEORIGIN","x-content-type-options":"nosniff","alt-svc":"h3=\":443\"; ma=2592000,h3-29=\":443\"; ma=2592000,h3-T051=\":443\"; ma=2592000,h3-Q050=\":443\"; ma=2592000,h3-Q046=\":443\"; ma=2592000,h3-Q043=\":443\"; ma=2592000,quic=\":443\"; ma=2592000; v=\"46,43\"","accept-ranges":"none","transfer-encoding":"chunked"}
[debug] [2021-08-05T13:30:18.555Z] >>> [apiv2][query] GET https://firebase.googleapis.com/v1beta1/projects/bg-fashion [none]
